{"level":"info","ts":1576858931.4716697,"caller":"v1/v1.go:521","msg":"获取etcd服务列表","user":"admin","role":"admin"}
{"level":"info","ts":1576858931.5630796,"caller":"v1/v1.go:521","msg":"获取列表","user":"admin","role":"admin"}
{"level":"info","ts":1576858935.1931255,"caller":"v1/v1.go:521","msg":"获取etcd集群信息","user":"admin","role":"admin"}
{"level":"info","ts":1576858938.7344425,"caller":"v1/v1.go:521","msg":"获取etcd服务列表","user":"admin","role":"admin"}
{"level":"info","ts":1576858964.3618999,"caller":"v1/v1.go:521","msg":"获取etcd服务列表","user":"admin","role":"admin"}
{"level":"info","ts":1576858976.9556189,"caller":"v1/v1.go:521","msg":"获取etcd集群信息","user":"admin","role":"admin"}
{"level":"info","ts":1576858981.594593,"caller":"v1/v1.go:521","msg":"获取etcd服务列表","user":"admin","role":"admin"}
{"level":"info","ts":1576858981.642688,"caller":"v1/v1.go:521","msg":"获取列表","user":"admin","role":"admin"}
{"level":"info","ts":1576858989.7372403,"caller":"v1/v1.go:521","msg":"获取列表","user":"admin","role":"admin"}
{"level":"error","ts":1576858989.7508967,"caller":"v1/v1.go:51","msg":"获取key列表错误","err":"can only list a directory","stacktrace":"github.com/shiguanghuxian/etcd-manage/program/v1.getEtcdKeyList.func1\n\t/Users/zuo/gocode/src/github.com/shiguanghuxian/etcd-manage/program/v1/v1.go:51\ngithub.com/shiguanghuxian/etcd-manage/program/v1.getEtcdKeyList\n\t/Users/zuo/gocode/src/github.com/shiguanghuxian/etcd-manage/program/v1/v1.go:70\ngithub.com/shiguanghuxian/etcd-manage/vendor/github.com/gin-gonic/gin.(*Context).Next\n\t/Users/zuo/gocode/src/github.com/shiguanghuxian/etcd-manage/vendor/github.com/gin-gonic/gin/context.go:108\ngithub.com/shiguanghuxian/etcd-manage/program.(*Program).middlewareEtcd.func1\n\t/Users/zuo/gocode/src/github.com/shiguanghuxian/etcd-manage/program/http.go:123\ngithub.com/shiguanghuxian/etcd-manage/vendor/github.com/gin-gonic/gin.(*Context).Next\n\t/Users/zuo/gocode/src/github.com/shiguanghuxian/etcd-manage/vendor/github.com/gin-gonic/gin/context.go:108\ngithub.com/shiguanghuxian/etcd-manage/vendor/github.com/gin-gonic/gin.RecoveryWithWriter.func1\n\t/Users/zuo/gocode/src/github.com/shiguanghuxian/etcd-manage/vendor/github.com/gin-gonic/gin/recovery.go:48\ngithub.com/shiguanghuxian/etcd-manage/vendor/github.com/gin-gonic/gin.(*Context).Next\n\t/Users/zuo/gocode/src/github.com/shiguanghuxian/etcd-manage/vendor/github.com/gin-gonic/gin/context.go:108\ngithub.com/shiguanghuxian/etcd-manage/vendor/github.com/gin-gonic/gin.LoggerWithWriter.func1\n\t/Users/zuo/gocode/src/github.com/shiguanghuxian/etcd-manage/vendor/github.com/gin-gonic/gin/logger.go:84\ngithub.com/shiguanghuxian/etcd-manage/vendor/github.com/gin-gonic/gin.(*Context).Next\n\t/Users/zuo/gocode/src/github.com/shiguanghuxian/etcd-manage/vendor/github.com/gin-gonic/gin/context.go:108\ngithub.com/shiguanghuxian/etcd-manage/vendor/github.com/gin-gonic/gin.(*Engine).handleHTTPRequest\n\t/Users/zuo/gocode/src/github.com/shiguanghuxian/etcd-manage/vendor/github.com/gin-gonic/gin/gin.go:363\ngithub.com/shiguanghuxian/etcd-manage/vendor/github.com/gin-gonic/gin.(*Engine).ServeHTTP\n\t/Users/zuo/gocode/src/github.com/shiguanghuxian/etcd-manage/vendor/github.com/gin-gonic/gin/gin.go:328\nnet/http.serverHandler.ServeHTTP\n\t/usr/local/go/src/net/http/server.go:2741\nnet/http.(*conn).serve\n\t/usr/local/go/src/net/http/server.go:1847"}
{"level":"info","ts":1576858997.73444,"caller":"v1/v1.go:521","msg":"获取etcd集群信息","user":"admin","role":"admin"}
{"level":"info","ts":1576858999.4196434,"caller":"v1/v1.go:521","msg":"获取etcd服务列表","user":"admin","role":"admin"}
{"level":"error","ts":1576859013.7904203,"caller":"v1/v1.go:529","msg":"修复数据错误","err":"Etcd client is empty","stacktrace":"github.com/shiguanghuxian/etcd-manage/program/v1.restoreDirKey.func1\n\t/Users/zuo/gocode/src/github.com/shiguanghuxian/etcd-manage/program/v1/v1.go:529\ngithub.com/shiguanghuxian/etcd-manage/program/v1.restoreDirKey\n\t/Users/zuo/gocode/src/github.com/shiguanghuxian/etcd-manage/program/v1/v1.go:539\ngithub.com/shiguanghuxian/etcd-manage/vendor/github.com/gin-gonic/gin.(*Context).Next\n\t/Users/zuo/gocode/src/github.com/shiguanghuxian/etcd-manage/vendor/github.com/gin-gonic/gin/context.go:108\ngithub.com/shiguanghuxian/etcd-manage/program.(*Program).middlewareEtcd.func1\n\t/Users/zuo/gocode/src/github.com/shiguanghuxian/etcd-manage/program/http.go:123\ngithub.com/shiguanghuxian/etcd-manage/vendor/github.com/gin-gonic/gin.(*Context).Next\n\t/Users/zuo/gocode/src/github.com/shiguanghuxian/etcd-manage/vendor/github.com/gin-gonic/gin/context.go:108\ngithub.com/shiguanghuxian/etcd-manage/vendor/github.com/gin-gonic/gin.RecoveryWithWriter.func1\n\t/Users/zuo/gocode/src/github.com/shiguanghuxian/etcd-manage/vendor/github.com/gin-gonic/gin/recovery.go:48\ngithub.com/shiguanghuxian/etcd-manage/vendor/github.com/gin-gonic/gin.(*Context).Next\n\t/Users/zuo/gocode/src/github.com/shiguanghuxian/etcd-manage/vendor/github.com/gin-gonic/gin/context.go:108\ngithub.com/shiguanghuxian/etcd-manage/vendor/github.com/gin-gonic/gin.LoggerWithWriter.func1\n\t/Users/zuo/gocode/src/github.com/shiguanghuxian/etcd-manage/vendor/github.com/gin-gonic/gin/logger.go:84\ngithub.com/shiguanghuxian/etcd-manage/vendor/github.com/gin-gonic/gin.(*Context).Next\n\t/Users/zuo/gocode/src/github.com/shiguanghuxian/etcd-manage/vendor/github.com/gin-gonic/gin/context.go:108\ngithub.com/shiguanghuxian/etcd-manage/vendor/github.com/gin-gonic/gin.(*Engine).handleHTTPRequest\n\t/Users/zuo/gocode/src/github.com/shiguanghuxian/etcd-manage/vendor/github.com/gin-gonic/gin/gin.go:363\ngithub.com/shiguanghuxian/etcd-manage/vendor/github.com/gin-gonic/gin.(*Engine).ServeHTTP\n\t/Users/zuo/gocode/src/github.com/shiguanghuxian/etcd-manage/vendor/github.com/gin-gonic/gin/gin.go:328\nnet/http.serverHandler.ServeHTTP\n\t/usr/local/go/src/net/http/server.go:2741\nnet/http.(*conn).serve\n\t/usr/local/go/src/net/http/server.go:1847"}
{"level":"info","ts":1576859019.0932386,"caller":"v1/v1.go:521","msg":"获取etcd集群信息","user":"admin","role":"admin"}
{"level":"info","ts":1576859039.5337088,"caller":"v1/v1.go:521","msg":"获取etcd服务列表","user":"admin","role":"admin"}
{"level":"info","ts":1576859056.419392,"caller":"v1/v1.go:521","msg":"获取etcd服务列表","user":"admin","role":"admin"}
{"level":"info","ts":1576859056.4587038,"caller":"v1/v1.go:521","msg":"获取列表","user":"admin","role":"admin"}
{"level":"info","ts":1576859058.7994678,"caller":"v1/v1.go:521","msg":"获取列表","user":"admin","role":"admin"}
{"level":"info","ts":1576859059.1542552,"caller":"v1/v1.go:521","msg":"获取列表","user":"admin","role":"admin"}
{"level":"info","ts":1576859061.6626794,"caller":"v1/v1.go:521","msg":"获取列表","user":"admin","role":"admin"}
{"level":"info","ts":1576859069.5544791,"caller":"v1/v1.go:521","msg":"获取key的值","user":"admin","role":"admin"}
{"level":"info","ts":1576859092.262269,"caller":"v1/v1.go:521","msg":"获取etcd集群信息","user":"admin","role":"admin"}
{"level":"info","ts":1576859093.996364,"caller":"v1/v1.go:521","msg":"获取etcd服务列表","user":"admin","role":"admin"}
{"level":"info","ts":1576860695.647542,"caller":"v1/v1.go:521","msg":"获取etcd集群信息","user":"admin","role":"admin"}
{"level":"info","ts":1576860695.9869723,"caller":"v1/v1.go:521","msg":"获取etcd服务列表","user":"admin","role":"admin"}
{"level":"info","ts":1576860696.1391566,"caller":"v1/v1.go:521","msg":"获取列表","user":"admin","role":"admin"}
{"level":"error","ts":1576860696.1445749,"caller":"v1/v1.go:51","msg":"获取key列表错误","err":"can only list a directory","stacktrace":"github.com/shiguanghuxian/etcd-manage/program/v1.getEtcdKeyList.func1\n\t/Users/zuo/gocode/src/github.com/shiguanghuxian/etcd-manage/program/v1/v1.go:51\ngithub.com/shiguanghuxian/etcd-manage/program/v1.getEtcdKeyList\n\t/Users/zuo/gocode/src/github.com/shiguanghuxian/etcd-manage/program/v1/v1.go:70\ngithub.com/shiguanghuxian/etcd-manage/vendor/github.com/gin-gonic/gin.(*Context).Next\n\t/Users/zuo/gocode/src/github.com/shiguanghuxian/etcd-manage/vendor/github.com/gin-gonic/gin/context.go:108\ngithub.com/shiguanghuxian/etcd-manage/program.(*Program).middlewareEtcd.func1\n\t/Users/zuo/gocode/src/github.com/shiguanghuxian/etcd-manage/program/http.go:123\ngithub.com/shiguanghuxian/etcd-manage/vendor/github.com/gin-gonic/gin.(*Context).Next\n\t/Users/zuo/gocode/src/github.com/shiguanghuxian/etcd-manage/vendor/github.com/gin-gonic/gin/context.go:108\ngithub.com/shiguanghuxian/etcd-manage/vendor/github.com/gin-gonic/gin.RecoveryWithWriter.func1\n\t/Users/zuo/gocode/src/github.com/shiguanghuxian/etcd-manage/vendor/github.com/gin-gonic/gin/recovery.go:48\ngithub.com/shiguanghuxian/etcd-manage/vendor/github.com/gin-gonic/gin.(*Context).Next\n\t/Users/zuo/gocode/src/github.com/shiguanghuxian/etcd-manage/vendor/github.com/gin-gonic/gin/context.go:108\ngithub.com/shiguanghuxian/etcd-manage/vendor/github.com/gin-gonic/gin.LoggerWithWriter.func1\n\t/Users/zuo/gocode/src/github.com/shiguanghuxian/etcd-manage/vendor/github.com/gin-gonic/gin/logger.go:84\ngithub.com/shiguanghuxian/etcd-manage/vendor/github.com/gin-gonic/gin.(*Context).Next\n\t/Users/zuo/gocode/src/github.com/shiguanghuxian/etcd-manage/vendor/github.com/gin-gonic/gin/context.go:108\ngithub.com/shiguanghuxian/etcd-manage/vendor/github.com/gin-gonic/gin.(*Engine).handleHTTPRequest\n\t/Users/zuo/gocode/src/github.com/shiguanghuxian/etcd-manage/vendor/github.com/gin-gonic/gin/gin.go:363\ngithub.com/shiguanghuxian/etcd-manage/vendor/github.com/gin-gonic/gin.(*Engine).ServeHTTP\n\t/Users/zuo/gocode/src/github.com/shiguanghuxian/etcd-manage/vendor/github.com/gin-gonic/gin/gin.go:328\nnet/http.serverHandler.ServeHTTP\n\t/usr/local/go/src/net/http/server.go:2741\nnet/http.(*conn).serve\n\t/usr/local/go/src/net/http/server.go:1847"}
{"level":"info","ts":1576860700.6716924,"caller":"v1/v1.go:521","msg":"获取etcd集群信息","user":"admin","role":"admin"}
{"level":"info","ts":1576860711.968734,"caller":"v1/v1.go:521","msg":"获取etcd服务列表","user":"admin","role":"admin"}
{"level":"info","ts":1576860731.9813888,"caller":"v1/v1.go:521","msg":"获取etcd集群信息","user":"admin","role":"admin"}
{"level":"info","ts":1576860743.8796332,"caller":"v1/v1.go:521","msg":"获取etcd集群信息","user":"admin","role":"admin"}
{"level":"info","ts":1576860744.2566662,"caller":"v1/v1.go:521","msg":"获取etcd服务列表","user":"admin","role":"admin"}
{"level":"info","ts":1576860744.372369,"caller":"v1/v1.go:521","msg":"获取列表","user":"admin","role":"admin"}
{"level":"error","ts":1576860744.3748305,"caller":"v1/v1.go:51","msg":"获取key列表错误","err":"can only list a directory","stacktrace":"github.com/shiguanghuxian/etcd-manage/program/v1.getEtcdKeyList.func1\n\t/Users/zuo/gocode/src/github.com/shiguanghuxian/etcd-manage/program/v1/v1.go:51\ngithub.com/shiguanghuxian/etcd-manage/program/v1.getEtcdKeyList\n\t/Users/zuo/gocode/src/github.com/shiguanghuxian/etcd-manage/program/v1/v1.go:70\ngithub.com/shiguanghuxian/etcd-manage/vendor/github.com/gin-gonic/gin.(*Context).Next\n\t/Users/zuo/gocode/src/github.com/shiguanghuxian/etcd-manage/vendor/github.com/gin-gonic/gin/context.go:108\ngithub.com/shiguanghuxian/etcd-manage/program.(*Program).middlewareEtcd.func1\n\t/Users/zuo/gocode/src/github.com/shiguanghuxian/etcd-manage/program/http.go:123\ngithub.com/shiguanghuxian/etcd-manage/vendor/github.com/gin-gonic/gin.(*Context).Next\n\t/Users/zuo/gocode/src/github.com/shiguanghuxian/etcd-manage/vendor/github.com/gin-gonic/gin/context.go:108\ngithub.com/shiguanghuxian/etcd-manage/vendor/github.com/gin-gonic/gin.RecoveryWithWriter.func1\n\t/Users/zuo/gocode/src/github.com/shiguanghuxian/etcd-manage/vendor/github.com/gin-gonic/gin/recovery.go:48\ngithub.com/shiguanghuxian/etcd-manage/vendor/github.com/gin-gonic/gin.(*Context).Next\n\t/Users/zuo/gocode/src/github.com/shiguanghuxian/etcd-manage/vendor/github.com/gin-gonic/gin/context.go:108\ngithub.com/shiguanghuxian/etcd-manage/vendor/github.com/gin-gonic/gin.LoggerWithWriter.func1\n\t/Users/zuo/gocode/src/github.com/shiguanghuxian/etcd-manage/vendor/github.com/gin-gonic/gin/logger.go:84\ngithub.com/shiguanghuxian/etcd-manage/vendor/github.com/gin-gonic/gin.(*Context).Next\n\t/Users/zuo/gocode/src/github.com/shiguanghuxian/etcd-manage/vendor/github.com/gin-gonic/gin/context.go:108\ngithub.com/shiguanghuxian/etcd-manage/vendor/github.com/gin-gonic/gin.(*Engine).handleHTTPRequest\n\t/Users/zuo/gocode/src/github.com/shiguanghuxian/etcd-manage/vendor/github.com/gin-gonic/gin/gin.go:363\ngithub.com/shiguanghuxian/etcd-manage/vendor/github.com/gin-gonic/gin.(*Engine).ServeHTTP\n\t/Users/zuo/gocode/src/github.com/shiguanghuxian/etcd-manage/vendor/github.com/gin-gonic/gin/gin.go:328\nnet/http.serverHandler.ServeHTTP\n\t/usr/local/go/src/net/http/server.go:2741\nnet/http.(*conn).serve\n\t/usr/local/go/src/net/http/server.go:1847"}
{"level":"info","ts":1576860748.0980349,"caller":"v1/v1.go:521","msg":"获取列表","user":"admin","role":"admin"}
{"level":"error","ts":1576860748.1121662,"caller":"v1/v1.go:51","msg":"获取key列表错误","err":"can only list a directory","stacktrace":"github.com/shiguanghuxian/etcd-manage/program/v1.getEtcdKeyList.func1\n\t/Users/zuo/gocode/src/github.com/shiguanghuxian/etcd-manage/program/v1/v1.go:51\ngithub.com/shiguanghuxian/etcd-manage/program/v1.getEtcdKeyList\n\t/Users/zuo/gocode/src/github.com/shiguanghuxian/etcd-manage/program/v1/v1.go:70\ngithub.com/shiguanghuxian/etcd-manage/vendor/github.com/gin-gonic/gin.(*Context).Next\n\t/Users/zuo/gocode/src/github.com/shiguanghuxian/etcd-manage/vendor/github.com/gin-gonic/gin/context.go:108\ngithub.com/shiguanghuxian/etcd-manage/program.(*Program).middlewareEtcd.func1\n\t/Users/zuo/gocode/src/github.com/shiguanghuxian/etcd-manage/program/http.go:123\ngithub.com/shiguanghuxian/etcd-manage/vendor/github.com/gin-gonic/gin.(*Context).Next\n\t/Users/zuo/gocode/src/github.com/shiguanghuxian/etcd-manage/vendor/github.com/gin-gonic/gin/context.go:108\ngithub.com/shiguanghuxian/etcd-manage/vendor/github.com/gin-gonic/gin.RecoveryWithWriter.func1\n\t/Users/zuo/gocode/src/github.com/shiguanghuxian/etcd-manage/vendor/github.com/gin-gonic/gin/recovery.go:48\ngithub.com/shiguanghuxian/etcd-manage/vendor/github.com/gin-gonic/gin.(*Context).Next\n\t/Users/zuo/gocode/src/github.com/shiguanghuxian/etcd-manage/vendor/github.com/gin-gonic/gin/context.go:108\ngithub.com/shiguanghuxian/etcd-manage/vendor/github.com/gin-gonic/gin.LoggerWithWriter.func1\n\t/Users/zuo/gocode/src/github.com/shiguanghuxian/etcd-manage/vendor/github.com/gin-gonic/gin/logger.go:84\ngithub.com/shiguanghuxian/etcd-manage/vendor/github.com/gin-gonic/gin.(*Context).Next\n\t/Users/zuo/gocode/src/github.com/shiguanghuxian/etcd-manage/vendor/github.com/gin-gonic/gin/context.go:108\ngithub.com/shiguanghuxian/etcd-manage/vendor/github.com/gin-gonic/gin.(*Engine).handleHTTPRequest\n\t/Users/zuo/gocode/src/github.com/shiguanghuxian/etcd-manage/vendor/github.com/gin-gonic/gin/gin.go:363\ngithub.com/shiguanghuxian/etcd-manage/vendor/github.com/gin-gonic/gin.(*Engine).ServeHTTP\n\t/Users/zuo/gocode/src/github.com/shiguanghuxian/etcd-manage/vendor/github.com/gin-gonic/gin/gin.go:328\nnet/http.serverHandler.ServeHTTP\n\t/usr/local/go/src/net/http/server.go:2741\nnet/http.(*conn).serve\n\t/usr/local/go/src/net/http/server.go:1847"}
{"level":"info","ts":1576860755.5109465,"caller":"v1/v1.go:521","msg":"获取列表","user":"admin","role":"admin"}
{"level":"error","ts":1576860755.5123136,"caller":"v1/v1.go:51","msg":"获取key列表错误","err":"can only list a directory","stacktrace":"github.com/shiguanghuxian/etcd-manage/program/v1.getEtcdKeyList.func1\n\t/Users/zuo/gocode/src/github.com/shiguanghuxian/etcd-manage/program/v1/v1.go:51\ngithub.com/shiguanghuxian/etcd-manage/program/v1.getEtcdKeyList\n\t/Users/zuo/gocode/src/github.com/shiguanghuxian/etcd-manage/program/v1/v1.go:70\ngithub.com/shiguanghuxian/etcd-manage/vendor/github.com/gin-gonic/gin.(*Context).Next\n\t/Users/zuo/gocode/src/github.com/shiguanghuxian/etcd-manage/vendor/github.com/gin-gonic/gin/context.go:108\ngithub.com/shiguanghuxian/etcd-manage/program.(*Program).middlewareEtcd.func1\n\t/Users/zuo/gocode/src/github.com/shiguanghuxian/etcd-manage/program/http.go:123\ngithub.com/shiguanghuxian/etcd-manage/vendor/github.com/gin-gonic/gin.(*Context).Next\n\t/Users/zuo/gocode/src/github.com/shiguanghuxian/etcd-manage/vendor/github.com/gin-gonic/gin/context.go:108\ngithub.com/shiguanghuxian/etcd-manage/vendor/github.com/gin-gonic/gin.RecoveryWithWriter.func1\n\t/Users/zuo/gocode/src/github.com/shiguanghuxian/etcd-manage/vendor/github.com/gin-gonic/gin/recovery.go:48\ngithub.com/shiguanghuxian/etcd-manage/vendor/github.com/gin-gonic/gin.(*Context).Next\n\t/Users/zuo/gocode/src/github.com/shiguanghuxian/etcd-manage/vendor/github.com/gin-gonic/gin/context.go:108\ngithub.com/shiguanghuxian/etcd-manage/vendor/github.com/gin-gonic/gin.LoggerWithWriter.func1\n\t/Users/zuo/gocode/src/github.com/shiguanghuxian/etcd-manage/vendor/github.com/gin-gonic/gin/logger.go:84\ngithub.com/shiguanghuxian/etcd-manage/vendor/github.com/gin-gonic/gin.(*Context).Next\n\t/Users/zuo/gocode/src/github.com/shiguanghuxian/etcd-manage/vendor/github.com/gin-gonic/gin/context.go:108\ngithub.com/shiguanghuxian/etcd-manage/vendor/github.com/gin-gonic/gin.(*Engine).handleHTTPRequest\n\t/Users/zuo/gocode/src/github.com/shiguanghuxian/etcd-manage/vendor/github.com/gin-gonic/gin/gin.go:363\ngithub.com/shiguanghuxian/etcd-manage/vendor/github.com/gin-gonic/gin.(*Engine).ServeHTTP\n\t/Users/zuo/gocode/src/github.com/shiguanghuxian/etcd-manage/vendor/github.com/gin-gonic/gin/gin.go:328\nnet/http.serverHandler.ServeHTTP\n\t/usr/local/go/src/net/http/server.go:2741\nnet/http.(*conn).serve\n\t/usr/local/go/src/net/http/server.go:1847"}
{"level":"info","ts":1576860759.360654,"caller":"v1/v1.go:521","msg":"获取列表","user":"admin","role":"admin"}
{"level":"info","ts":1576860762.4280934,"caller":"v1/v1.go:521","msg":"获取列表","user":"admin","role":"admin"}
{"level":"error","ts":1576860762.4295232,"caller":"v1/v1.go:51","msg":"获取key列表错误","err":"can only list a directory","stacktrace":"github.com/shiguanghuxian/etcd-manage/program/v1.getEtcdKeyList.func1\n\t/Users/zuo/gocode/src/github.com/shiguanghuxian/etcd-manage/program/v1/v1.go:51\ngithub.com/shiguanghuxian/etcd-manage/program/v1.getEtcdKeyList\n\t/Users/zuo/gocode/src/github.com/shiguanghuxian/etcd-manage/program/v1/v1.go:70\ngithub.com/shiguanghuxian/etcd-manage/vendor/github.com/gin-gonic/gin.(*Context).Next\n\t/Users/zuo/gocode/src/github.com/shiguanghuxian/etcd-manage/vendor/github.com/gin-gonic/gin/context.go:108\ngithub.com/shiguanghuxian/etcd-manage/program.(*Program).middlewareEtcd.func1\n\t/Users/zuo/gocode/src/github.com/shiguanghuxian/etcd-manage/program/http.go:123\ngithub.com/shiguanghuxian/etcd-manage/vendor/github.com/gin-gonic/gin.(*Context).Next\n\t/Users/zuo/gocode/src/github.com/shiguanghuxian/etcd-manage/vendor/github.com/gin-gonic/gin/context.go:108\ngithub.com/shiguanghuxian/etcd-manage/vendor/github.com/gin-gonic/gin.RecoveryWithWriter.func1\n\t/Users/zuo/gocode/src/github.com/shiguanghuxian/etcd-manage/vendor/github.com/gin-gonic/gin/recovery.go:48\ngithub.com/shiguanghuxian/etcd-manage/vendor/github.com/gin-gonic/gin.(*Context).Next\n\t/Users/zuo/gocode/src/github.com/shiguanghuxian/etcd-manage/vendor/github.com/gin-gonic/gin/context.go:108\ngithub.com/shiguanghuxian/etcd-manage/vendor/github.com/gin-gonic/gin.LoggerWithWriter.func1\n\t/Users/zuo/gocode/src/github.com/shiguanghuxian/etcd-manage/vendor/github.com/gin-gonic/gin/logger.go:84\ngithub.com/shiguanghuxian/etcd-manage/vendor/github.com/gin-gonic/gin.(*Context).Next\n\t/Users/zuo/gocode/src/github.com/shiguanghuxian/etcd-manage/vendor/github.com/gin-gonic/gin/context.go:108\ngithub.com/shiguanghuxian/etcd-manage/vendor/github.com/gin-gonic/gin.(*Engine).handleHTTPRequest\n\t/Users/zuo/gocode/src/github.com/shiguanghuxian/etcd-manage/vendor/github.com/gin-gonic/gin/gin.go:363\ngithub.com/shiguanghuxian/etcd-manage/vendor/github.com/gin-gonic/gin.(*Engine).ServeHTTP\n\t/Users/zuo/gocode/src/github.com/shiguanghuxian/etcd-manage/vendor/github.com/gin-gonic/gin/gin.go:328\nnet/http.serverHandler.ServeHTTP\n\t/usr/local/go/src/net/http/server.go:2741\nnet/http.(*conn).serve\n\t/usr/local/go/src/net/http/server.go:1847"}
{"level":"info","ts":1576860764.660447,"caller":"v1/v1.go:521","msg":"获取etcd集群信息","user":"admin","role":"admin"}
{"level":"info","ts":1576860767.6507182,"caller":"v1/v1.go:521","msg":"获取etcd服务列表","user":"admin","role":"admin"}
{"level":"error","ts":1576860776.9392245,"caller":"v1/v1.go:529","msg":"修复数据错误","err":"Etcd client is empty","stacktrace":"github.com/shiguanghuxian/etcd-manage/program/v1.restoreDirKey.func1\n\t/Users/zuo/gocode/src/github.com/shiguanghuxian/etcd-manage/program/v1/v1.go:529\ngithub.com/shiguanghuxian/etcd-manage/program/v1.restoreDirKey\n\t/Users/zuo/gocode/src/github.com/shiguanghuxian/etcd-manage/program/v1/v1.go:539\ngithub.com/shiguanghuxian/etcd-manage/vendor/github.com/gin-gonic/gin.(*Context).Next\n\t/Users/zuo/gocode/src/github.com/shiguanghuxian/etcd-manage/vendor/github.com/gin-gonic/gin/context.go:108\ngithub.com/shiguanghuxian/etcd-manage/program.(*Program).middlewareEtcd.func1\n\t/Users/zuo/gocode/src/github.com/shiguanghuxian/etcd-manage/program/http.go:123\ngithub.com/shiguanghuxian/etcd-manage/vendor/github.com/gin-gonic/gin.(*Context).Next\n\t/Users/zuo/gocode/src/github.com/shiguanghuxian/etcd-manage/vendor/github.com/gin-gonic/gin/context.go:108\ngithub.com/shiguanghuxian/etcd-manage/vendor/github.com/gin-gonic/gin.RecoveryWithWriter.func1\n\t/Users/zuo/gocode/src/github.com/shiguanghuxian/etcd-manage/vendor/github.com/gin-gonic/gin/recovery.go:48\ngithub.com/shiguanghuxian/etcd-manage/vendor/github.com/gin-gonic/gin.(*Context).Next\n\t/Users/zuo/gocode/src/github.com/shiguanghuxian/etcd-manage/vendor/github.com/gin-gonic/gin/context.go:108\ngithub.com/shiguanghuxian/etcd-manage/vendor/github.com/gin-gonic/gin.LoggerWithWriter.func1\n\t/Users/zuo/gocode/src/github.com/shiguanghuxian/etcd-manage/vendor/github.com/gin-gonic/gin/logger.go:84\ngithub.com/shiguanghuxian/etcd-manage/vendor/github.com/gin-gonic/gin.(*Context).Next\n\t/Users/zuo/gocode/src/github.com/shiguanghuxian/etcd-manage/vendor/github.com/gin-gonic/gin/context.go:108\ngithub.com/shiguanghuxian/etcd-manage/vendor/github.com/gin-gonic/gin.(*Engine).handleHTTPRequest\n\t/Users/zuo/gocode/src/github.com/shiguanghuxian/etcd-manage/vendor/github.com/gin-gonic/gin/gin.go:363\ngithub.com/shiguanghuxian/etcd-manage/vendor/github.com/gin-gonic/gin.(*Engine).ServeHTTP\n\t/Users/zuo/gocode/src/github.com/shiguanghuxian/etcd-manage/vendor/github.com/gin-gonic/gin/gin.go:328\nnet/http.serverHandler.ServeHTTP\n\t/usr/local/go/src/net/http/server.go:2741\nnet/http.(*conn).serve\n\t/usr/local/go/src/net/http/server.go:1847"}
{"level":"info","ts":1576860794.9749007,"caller":"v1/v1.go:521","msg":"获取etcd服务列表","user":"admin","role":"admin"}
{"level":"info","ts":1576860798.942914,"caller":"v1/v1.go:521","msg":"获取etcd集群信息","user":"admin","role":"admin"}
{"level":"info","ts":1576860817.0264988,"caller":"v1/v1.go:521","msg":"获取etcd集群信息","user":"admin","role":"admin"}
{"level":"info","ts":1576860817.329232,"caller":"v1/v1.go:521","msg":"获取etcd服务列表","user":"admin","role":"admin"}
{"level":"info","ts":1576860817.4656115,"caller":"v1/v1.go:521","msg":"获取列表","user":"admin","role":"admin"}
{"level":"info","ts":1576860830.1084836,"caller":"v1/v1.go:521","msg":"获取列表","user":"admin","role":"admin"}
{"level":"info","ts":1576860832.703441,"caller":"v1/v1.go:521","msg":"获取列表","user":"admin","role":"admin"}
{"level":"info","ts":1576860834.582601,"caller":"v1/v1.go:521","msg":"获取列表","user":"admin","role":"admin"}
{"level":"info","ts":1576860836.9356987,"caller":"v1/v1.go:521","msg":"获取key的值","user":"admin","role":"admin"}
{"level":"info","ts":1576906025.2891886,"caller":"v1/v1.go:521","msg":"获取etcd集群信息","user":"admin","role":"admin"}
{"level":"info","ts":1576906025.5733106,"caller":"v1/v1.go:521","msg":"获取etcd服务列表","user":"admin","role":"admin"}
{"level":"info","ts":1576906025.8438482,"caller":"v1/v1.go:521","msg":"获取列表","user":"admin","role":"admin"}
{"level":"info","ts":1576906030.3080614,"caller":"v1/v1.go:521","msg":"获取etcd集群信息","user":"admin","role":"admin"}
{"level":"info","ts":1576906039.8511353,"caller":"v1/v1.go:521","msg":"获取etcd服务列表","user":"admin","role":"admin"}
{"level":"info","ts":1576906044.9662423,"caller":"v1/v1.go:521","msg":"获取etcd服务列表","user":"admin","role":"admin"}
{"level":"info","ts":1576906045.0120437,"caller":"v1/v1.go:521","msg":"获取列表","user":"admin","role":"admin"}
{"level":"info","ts":1576906050.0284786,"caller":"v1/v1.go:521","msg":"获取列表","user":"admin","role":"admin"}
{"level":"info","ts":1576906053.8915195,"caller":"v1/v1.go:521","msg":"获取列表","user":"admin","role":"admin"}
{"level":"info","ts":1576906056.4684632,"caller":"v1/v1.go:521","msg":"获取列表","user":"admin","role":"admin"}
{"level":"info","ts":1576906058.732916,"caller":"v1/v1.go:521","msg":"获取列表","user":"admin","role":"admin"}
{"level":"info","ts":1576906061.227911,"caller":"v1/v1.go:521","msg":"获取列表","user":"admin","role":"admin"}
{"level":"info","ts":1576906063.806175,"caller":"v1/v1.go:521","msg":"获取列表","user":"admin","role":"admin"}
{"level":"info","ts":1576906066.1309779,"caller":"v1/v1.go:521","msg":"获取列表","user":"admin","role":"admin"}
{"level":"info","ts":1576906068.5722125,"caller":"v1/v1.go:521","msg":"获取列表","user":"admin","role":"admin"}
{"level":"info","ts":1576906077.7811465,"caller":"v1/v1.go:521","msg":"获取列表","user":"admin","role":"admin"}
{"level":"info","ts":1576906079.6058767,"caller":"v1/v1.go:521","msg":"获取列表","user":"admin","role":"admin"}
{"level":"info","ts":1576906082.4976587,"caller":"v1/v1.go:521","msg":"获取列表","user":"admin","role":"admin"}
{"level":"info","ts":1576906083.3426635,"caller":"v1/v1.go:521","msg":"获取列表","user":"admin","role":"admin"}
{"level":"info","ts":1576906084.361555,"caller":"v1/v1.go:521","msg":"获取列表","user":"admin","role":"admin"}
{"level":"info","ts":1576906085.2327971,"caller":"v1/v1.go:521","msg":"获取列表","user":"admin","role":"admin"}
{"level":"info","ts":1576906088.2279484,"caller":"v1/v1.go:521","msg":"获取列表","user":"admin","role":"admin"}
{"level":"info","ts":1576906089.2454805,"caller":"v1/v1.go:521","msg":"获取etcd集群信息","user":"admin","role":"admin"}
{"level":"info","ts":1576906093.2525532,"caller":"v1/v1.go:521","msg":"获取etcd集群信息","user":"admin","role":"admin"}
{"level":"info","ts":1576906093.558532,"caller":"v1/v1.go:521","msg":"获取etcd服务列表","user":"admin","role":"admin"}
{"level":"info","ts":1576906093.6576004,"caller":"v1/v1.go:521","msg":"获取列表","user":"admin","role":"admin"}
{"level":"info","ts":1576906094.8039498,"caller":"v1/v1.go:521","msg":"获取etcd服务列表","user":"admin","role":"admin"}
{"level":"info","ts":1576906094.893187,"caller":"v1/v1.go:521","msg":"获取列表","user":"admin","role":"admin"}
{"level":"info","ts":1576906096.0087907,"caller":"v1/v1.go:521","msg":"获取etcd服务列表","user":"admin","role":"admin"}
{"level":"info","ts":1576906096.1235611,"caller":"v1/v1.go:521","msg":"获取列表","user":"admin","role":"admin"}
{"level":"info","ts":1576906098.14281,"caller":"v1/v1.go:521","msg":"获取列表","user":"admin","role":"admin"}
{"level":"info","ts":1576906099.5479147,"caller":"v1/v1.go:521","msg":"获取etcd服务列表","user":"admin","role":"admin"}
{"level":"info","ts":1576906099.6352434,"caller":"v1/v1.go:521","msg":"获取列表","user":"admin","role":"admin"}
{"level":"info","ts":1576906101.0064251,"caller":"v1/v1.go:521","msg":"获取etcd服务列表","user":"admin","role":"admin"}
{"level":"info","ts":1576906101.1129298,"caller":"v1/v1.go:521","msg":"获取列表","user":"admin","role":"admin"}
{"level":"info","ts":1576906103.2607992,"caller":"v1/v1.go:521","msg":"获取列表","user":"admin","role":"admin"}
{"level":"info","ts":1576906104.2730024,"caller":"v1/v1.go:521","msg":"获取列表","user":"admin","role":"admin"}
{"level":"info","ts":1576906105.6728005,"caller":"v1/v1.go:521","msg":"获取列表","user":"admin","role":"admin"}
{"level":"info","ts":1576906107.231091,"caller":"v1/v1.go:521","msg":"获取etcd服务列表","user":"admin","role":"admin"}
{"level":"info","ts":1576906107.3237982,"caller":"v1/v1.go:521","msg":"获取列表","user":"admin","role":"admin"}
{"level":"info","ts":1576906110.1016688,"caller":"v1/v1.go:521","msg":"获取etcd服务列表","user":"admin","role":"admin"}
{"level":"error","ts":1576906119.9029517,"caller":"v1/v1.go:529","msg":"修复数据错误","err":"Etcd client is empty","stacktrace":"github.com/shiguanghuxian/etcd-manage/program/v1.restoreDirKey.func1\n\t/Users/zuo/gocode/src/github.com/shiguanghuxian/etcd-manage/program/v1/v1.go:529\ngithub.com/shiguanghuxian/etcd-manage/program/v1.restoreDirKey\n\t/Users/zuo/gocode/src/github.com/shiguanghuxian/etcd-manage/program/v1/v1.go:539\ngithub.com/shiguanghuxian/etcd-manage/vendor/github.com/gin-gonic/gin.(*Context).Next\n\t/Users/zuo/gocode/src/github.com/shiguanghuxian/etcd-manage/vendor/github.com/gin-gonic/gin/context.go:108\ngithub.com/shiguanghuxian/etcd-manage/program.(*Program).middlewareEtcd.func1\n\t/Users/zuo/gocode/src/github.com/shiguanghuxian/etcd-manage/program/http.go:123\ngithub.com/shiguanghuxian/etcd-manage/vendor/github.com/gin-gonic/gin.(*Context).Next\n\t/Users/zuo/gocode/src/github.com/shiguanghuxian/etcd-manage/vendor/github.com/gin-gonic/gin/context.go:108\ngithub.com/shiguanghuxian/etcd-manage/vendor/github.com/gin-gonic/gin.RecoveryWithWriter.func1\n\t/Users/zuo/gocode/src/github.com/shiguanghuxian/etcd-manage/vendor/github.com/gin-gonic/gin/recovery.go:48\ngithub.com/shiguanghuxian/etcd-manage/vendor/github.com/gin-gonic/gin.(*Context).Next\n\t/Users/zuo/gocode/src/github.com/shiguanghuxian/etcd-manage/vendor/github.com/gin-gonic/gin/context.go:108\ngithub.com/shiguanghuxian/etcd-manage/vendor/github.com/gin-gonic/gin.LoggerWithWriter.func1\n\t/Users/zuo/gocode/src/github.com/shiguanghuxian/etcd-manage/vendor/github.com/gin-gonic/gin/logger.go:84\ngithub.com/shiguanghuxian/etcd-manage/vendor/github.com/gin-gonic/gin.(*Context).Next\n\t/Users/zuo/gocode/src/github.com/shiguanghuxian/etcd-manage/vendor/github.com/gin-gonic/gin/context.go:108\ngithub.com/shiguanghuxian/etcd-manage/vendor/github.com/gin-gonic/gin.(*Engine).handleHTTPRequest\n\t/Users/zuo/gocode/src/github.com/shiguanghuxian/etcd-manage/vendor/github.com/gin-gonic/gin/gin.go:363\ngithub.com/shiguanghuxian/etcd-manage/vendor/github.com/gin-gonic/gin.(*Engine).ServeHTTP\n\t/Users/zuo/gocode/src/github.com/shiguanghuxian/etcd-manage/vendor/github.com/gin-gonic/gin/gin.go:328\nnet/http.serverHandler.ServeHTTP\n\t/usr/local/go/src/net/http/server.go:2741\nnet/http.(*conn).serve\n\t/usr/local/go/src/net/http/server.go:1847"}
{"level":"info","ts":1576906122.9184868,"caller":"v1/v1.go:521","msg":"获取etcd集群信息","user":"admin","role":"admin"}
{"level":"info","ts":1576906124.690649,"caller":"v1/v1.go:521","msg":"获取etcd服务列表","user":"admin","role":"admin"}
{"level":"info","ts":1576906124.746048,"caller":"v1/v1.go:521","msg":"获取列表","user":"admin","role":"admin"}
{"level":"info","ts":1576906127.022531,"caller":"v1/v1.go:521","msg":"获取etcd服务列表","user":"admin","role":"admin"}
{"level":"info","ts":1576906128.7846854,"caller":"v1/v1.go:521","msg":"获取etcd集群信息","user":"admin","role":"admin"}
{"level":"info","ts":1576906171.3582113,"caller":"v1/v1.go:521","msg":"获取etcd服务列表","user":"admin","role":"admin"}
{"level":"info","ts":1576906171.4160373,"caller":"v1/v1.go:521","msg":"获取列表","user":"admin","role":"admin"}
{"level":"info","ts":1576906176.9545524,"caller":"v1/v1.go:521","msg":"获取列表","user":"admin","role":"admin"}
{"level":"info","ts":1576906177.6565793,"caller":"v1/v1.go:521","msg":"获取列表","user":"admin","role":"admin"}
{"level":"info","ts":1576906197.8504043,"caller":"v1/v1.go:521","msg":"获取列表","user":"admin","role":"admin"}
{"level":"info","ts":1576906212.3881774,"caller":"v1/v1.go:521","msg":"获取key的值","user":"admin","role":"admin"}
{"level":"info","ts":1576906238.740221,"caller":"v1/v1.go:521","msg":"获取列表","user":"admin","role":"admin"}
{"level":"info","ts":1576906340.1599472,"caller":"v1/v1.go:521","msg":"获取etcd集群信息","user":"admin","role":"admin"}
{"level":"info","ts":1576908910.1272466,"caller":"v1/v1.go:521","msg":"获取etcd集群信息","user":"admin","role":"admin"}
{"level":"info","ts":1576908910.4586375,"caller":"v1/v1.go:521","msg":"获取etcd服务列表","user":"admin","role":"admin"}
{"level":"info","ts":1576908910.5995777,"caller":"v1/v1.go:521","msg":"获取列表","user":"admin","role":"admin"}
{"level":"info","ts":1576908913.0501308,"caller":"v1/v1.go:521","msg":"获取etcd服务列表","user":"admin","role":"admin"}
{"level":"info","ts":1576908913.2246625,"caller":"v1/v1.go:521","msg":"获取列表","user":"admin","role":"admin"}
{"level":"info","ts":1576908915.8893824,"caller":"v1/v1.go:521","msg":"获取etcd集群信息","user":"admin","role":"admin"}
{"level":"info","ts":1576908918.4712236,"caller":"v1/v1.go:521","msg":"获取etcd服务列表","user":"admin","role":"admin"}
{"level":"info","ts":1576908918.5176854,"caller":"v1/v1.go:521","msg":"获取列表","user":"admin","role":"admin"}
{"level":"info","ts":1576908920.329654,"caller":"v1/v1.go:521","msg":"获取列表","user":"admin","role":"admin"}
{"level":"info","ts":1576908921.7415404,"caller":"v1/v1.go:521","msg":"获取列表","user":"admin","role":"admin"}
{"level":"info","ts":1576908931.18165,"caller":"v1/v1.go:521","msg":"获取etcd服务列表","user":"admin","role":"admin"}
{"level":"info","ts":1576908931.304249,"caller":"v1/v1.go:521","msg":"获取列表","user":"admin","role":"admin"}
{"level":"info","ts":1576908933.9402199,"caller":"v1/v1.go:521","msg":"获取etcd服务列表","user":"admin","role":"admin"}
{"level":"info","ts":1576908934.0337439,"caller":"v1/v1.go:521","msg":"获取列表","user":"admin","role":"admin"}
{"level":"info","ts":1576908935.7805824,"caller":"v1/v1.go:521","msg":"获取列表","user":"admin","role":"admin"}
{"level":"info","ts":1576908936.7873054,"caller":"v1/v1.go:521","msg":"获取列表","user":"admin","role":"admin"}
{"level":"info","ts":1576908981.0355856,"caller":"v1/v1.go:521","msg":"获取列表","user":"admin","role":"admin"}
{"level":"info","ts":1576908981.817115,"caller":"v1/v1.go:521","msg":"获取列表","user":"admin","role":"admin"}
{"level":"info","ts":1576908982.8216128,"caller":"v1/v1.go:521","msg":"获取列表","user":"admin","role":"admin"}
{"level":"info","ts":1576908983.5617588,"caller":"v1/v1.go:521","msg":"获取列表","user":"admin","role":"admin"}
{"level":"info","ts":1576908984.2296042,"caller":"v1/v1.go:521","msg":"获取列表","user":"admin","role":"admin"}
{"level":"info","ts":1576909097.927676,"caller":"v1/v1.go:521","msg":"获取列表","user":"admin","role":"admin"}
{"level":"info","ts":1576909098.8939044,"caller":"v1/v1.go:521","msg":"获取列表","user":"admin","role":"admin"}
{"level":"info","ts":1576909099.4463356,"caller":"v1/v1.go:521","msg":"获取列表","user":"admin","role":"admin"}
{"level":"info","ts":1576909100.1817636,"caller":"v1/v1.go:521","msg":"获取etcd集群信息","user":"admin","role":"admin"}
{"level":"info","ts":1576909102.9821148,"caller":"v1/v1.go:521","msg":"获取etcd服务列表","user":"admin","role":"admin"}
{"level":"error","ts":1576909120.8614936,"caller":"v1/v1.go:529","msg":"修复数据错误","err":"Etcd client is empty","stacktrace":"github.com/shiguanghuxian/etcd-manage/program/v1.restoreDirKey.func1\n\t/Users/zuo/gocode/src/github.com/shiguanghuxian/etcd-manage/program/v1/v1.go:529\ngithub.com/shiguanghuxian/etcd-manage/program/v1.restoreDirKey\n\t/Users/zuo/gocode/src/github.com/shiguanghuxian/etcd-manage/program/v1/v1.go:539\ngithub.com/shiguanghuxian/etcd-manage/vendor/github.com/gin-gonic/gin.(*Context).Next\n\t/Users/zuo/gocode/src/github.com/shiguanghuxian/etcd-manage/vendor/github.com/gin-gonic/gin/context.go:108\ngithub.com/shiguanghuxian/etcd-manage/program.(*Program).middlewareEtcd.func1\n\t/Users/zuo/gocode/src/github.com/shiguanghuxian/etcd-manage/program/http.go:123\ngithub.com/shiguanghuxian/etcd-manage/vendor/github.com/gin-gonic/gin.(*Context).Next\n\t/Users/zuo/gocode/src/github.com/shiguanghuxian/etcd-manage/vendor/github.com/gin-gonic/gin/context.go:108\ngithub.com/shiguanghuxian/etcd-manage/vendor/github.com/gin-gonic/gin.RecoveryWithWriter.func1\n\t/Users/zuo/gocode/src/github.com/shiguanghuxian/etcd-manage/vendor/github.com/gin-gonic/gin/recovery.go:48\ngithub.com/shiguanghuxian/etcd-manage/vendor/github.com/gin-gonic/gin.(*Context).Next\n\t/Users/zuo/gocode/src/github.com/shiguanghuxian/etcd-manage/vendor/github.com/gin-gonic/gin/context.go:108\ngithub.com/shiguanghuxian/etcd-manage/vendor/github.com/gin-gonic/gin.LoggerWithWriter.func1\n\t/Users/zuo/gocode/src/github.com/shiguanghuxian/etcd-manage/vendor/github.com/gin-gonic/gin/logger.go:84\ngithub.com/shiguanghuxian/etcd-manage/vendor/github.com/gin-gonic/gin.(*Context).Next\n\t/Users/zuo/gocode/src/github.com/shiguanghuxian/etcd-manage/vendor/github.com/gin-gonic/gin/context.go:108\ngithub.com/shiguanghuxian/etcd-manage/vendor/github.com/gin-gonic/gin.(*Engine).handleHTTPRequest\n\t/Users/zuo/gocode/src/github.com/shiguanghuxian/etcd-manage/vendor/github.com/gin-gonic/gin/gin.go:363\ngithub.com/shiguanghuxian/etcd-manage/vendor/github.com/gin-gonic/gin.(*Engine).ServeHTTP\n\t/Users/zuo/gocode/src/github.com/shiguanghuxian/etcd-manage/vendor/github.com/gin-gonic/gin/gin.go:328\nnet/http.serverHandler.ServeHTTP\n\t/usr/local/go/src/net/http/server.go:2741\nnet/http.(*conn).serve\n\t/usr/local/go/src/net/http/server.go:1847"}
{"level":"info","ts":1576909122.8232408,"caller":"v1/v1.go:521","msg":"获取etcd集群信息","user":"admin","role":"admin"}
{"level":"info","ts":1576909130.4216385,"caller":"v1/v1.go:521","msg":"获取etcd服务列表","user":"admin","role":"admin"}
{"level":"info","ts":1576909130.4883556,"caller":"v1/v1.go:521","msg":"获取列表","user":"admin","role":"admin"}
{"level":"info","ts":1576909133.336737,"caller":"v1/v1.go:521","msg":"获取列表","user":"admin","role":"admin"}
{"level":"info","ts":1576909134.048918,"caller":"v1/v1.go:521","msg":"获取列表","user":"admin","role":"admin"}
{"level":"info","ts":1576909208.8910348,"caller":"v1/v1.go:521","msg":"获取列表","user":"admin","role":"admin"}
{"level":"info","ts":1576909210.8687375,"caller":"v1/v1.go:521","msg":"获取列表","user":"admin","role":"admin"}
{"level":"info","ts":1576909211.498659,"caller":"v1/v1.go:521","msg":"获取列表","user":"admin","role":"admin"}
{"level":"info","ts":1576909221.9755156,"caller":"v1/v1.go:521","msg":"获取列表","user":"admin","role":"admin"}
{"level":"info","ts":1576909225.4766772,"caller":"v1/v1.go:521","msg":"获取列表","user":"admin","role":"admin"}
{"level":"info","ts":1576909279.0785284,"caller":"v1/v1.go:521","msg":"获取etcd服务列表","user":"admin","role":"admin"}
{"level":"info","ts":1576909279.1344445,"caller":"v1/v1.go:521","msg":"获取列表","user":"admin","role":"admin"}
{"level":"info","ts":1576909283.6705449,"caller":"v1/v1.go:521","msg":"格式化显示key","user":"admin","role":"admin"}
{"level":"info","ts":1576913354.644859,"caller":"v1/v1.go:521","msg":"格式化显示key","user":"admin","role":"admin"}
{"level":"info","ts":1576913354.64565,"caller":"v1/v1.go:521","msg":"获取列表","user":"admin","role":"admin"}
{"level":"info","ts":1576913355.851648,"caller":"v1/v1.go:521","msg":"格式化显示key","user":"admin","role":"admin"}
{"level":"info","ts":1576913355.8535523,"caller":"v1/v1.go:521","msg":"获取列表","user":"admin","role":"admin"}
{"level":"info","ts":1576913431.6506035,"caller":"v1/v1.go:521","msg":"获取列表","user":"admin","role":"admin"}
{"level":"info","ts":1576913431.6506376,"caller":"v1/v1.go:521","msg":"格式化显示key","user":"admin","role":"admin"}
{"level":"info","ts":1576913433.7676678,"caller":"v1/v1.go:521","msg":"获取列表","user":"admin","role":"admin"}
{"level":"info","ts":1576913433.7725282,"caller":"v1/v1.go:521","msg":"格式化显示key","user":"admin","role":"admin"}
{"level":"info","ts":1576913435.3068979,"caller":"v1/v1.go:521","msg":"获取etcd集群信息","user":"admin","role":"admin"}
{"level":"info","ts":1576913481.9953907,"caller":"v1/v1.go:521","msg":"获取etcd服务列表","user":"admin","role":"admin"}
