{"level":"info","ts":1576916365.1453867,"caller":"v1/v1.go:521","msg":"获取etcd服务列表","user":"admin","role":"admin"}
{"level":"info","ts":1576916365.4893603,"caller":"v1/v1.go:521","msg":"获取etcd服务列表","user":"admin","role":"admin"}
{"level":"info","ts":1576916365.7219167,"caller":"v1/v1.go:521","msg":"格式化显示key","user":"admin","role":"admin"}
{"level":"info","ts":1576916365.7285843,"caller":"v1/v1.go:521","msg":"获取列表","user":"admin","role":"admin"}
{"level":"info","ts":1576918084.8156838,"caller":"v1/v1.go:521","msg":"获取etcd集群信息","user":"admin","role":"admin"}
{"level":"info","ts":1576918085.166715,"caller":"v1/v1.go:521","msg":"获取etcd服务列表","user":"admin","role":"admin"}
{"level":"info","ts":1576918085.402385,"caller":"v1/v1.go:521","msg":"格式化显示key","user":"admin","role":"admin"}
{"level":"info","ts":1576918085.4036884,"caller":"v1/v1.go:521","msg":"获取列表","user":"admin","role":"admin"}
{"level":"info","ts":1576918088.7894971,"caller":"v1/v1.go:521","msg":"获取列表","user":"admin","role":"admin"}
{"level":"info","ts":1576918088.7902682,"caller":"v1/v1.go:521","msg":"格式化显示key","user":"admin","role":"admin"}
{"level":"info","ts":1576918091.1173973,"caller":"v1/v1.go:521","msg":"获取etcd集群信息","user":"admin","role":"admin"}
{"level":"info","ts":1576918100.2458246,"caller":"v1/v1.go:521","msg":"获取etcd服务列表","user":"admin","role":"admin"}
{"level":"info","ts":1576918102.9974923,"caller":"v1/v1.go:521","msg":"获取etcd服务列表","user":"admin","role":"admin"}
{"level":"info","ts":1576918103.0515144,"caller":"v1/v1.go:521","msg":"格式化显示key","user":"admin","role":"admin"}
{"level":"info","ts":1576918103.0553539,"caller":"v1/v1.go:521","msg":"获取列表","user":"admin","role":"admin"}
{"level":"info","ts":1576918121.4935062,"caller":"v1/v1.go:521","msg":"获取列表","user":"admin","role":"admin"}
{"level":"info","ts":1576918121.4938147,"caller":"v1/v1.go:521","msg":"格式化显示key","user":"admin","role":"admin"}
{"level":"info","ts":1576918123.848487,"caller":"v1/v1.go:521","msg":"格式化显示key","user":"admin","role":"admin"}
{"level":"info","ts":1576918123.8507965,"caller":"v1/v1.go:521","msg":"获取列表","user":"admin","role":"admin"}
{"level":"info","ts":1576918125.0953944,"caller":"v1/v1.go:521","msg":"格式化显示key","user":"admin","role":"admin"}
{"level":"info","ts":1576918125.0958412,"caller":"v1/v1.go:521","msg":"获取列表","user":"admin","role":"admin"}
{"level":"info","ts":1576918125.9564662,"caller":"v1/v1.go:521","msg":"格式化显示key","user":"admin","role":"admin"}
{"level":"info","ts":1576918125.9591887,"caller":"v1/v1.go:521","msg":"获取列表","user":"admin","role":"admin"}
{"level":"info","ts":1576918133.2148304,"caller":"v1/v1.go:521","msg":"获取列表","user":"admin","role":"admin"}
{"level":"info","ts":1576918133.459505,"caller":"v1/v1.go:521","msg":"获取列表","user":"admin","role":"admin"}
{"level":"info","ts":1576919514.6069741,"caller":"v1/v1.go:521","msg":"获取etcd服务列表","user":"admin","role":"admin"}
{"level":"info","ts":1576919514.7054124,"caller":"v1/v1.go:521","msg":"获取列表","user":"admin","role":"admin"}
{"level":"info","ts":1576919517.4306717,"caller":"v1/v1.go:521","msg":"获取etcd服务列表","user":"admin","role":"admin"}
{"level":"info","ts":1576919517.541021,"caller":"v1/v1.go:521","msg":"获取列表","user":"admin","role":"admin"}
{"level":"info","ts":1576919518.587393,"caller":"v1/v1.go:521","msg":"获取列表","user":"admin","role":"admin"}
{"level":"info","ts":1576919519.449705,"caller":"v1/v1.go:521","msg":"获取列表","user":"admin","role":"admin"}
{"level":"info","ts":1576919533.6265488,"caller":"v1/v1.go:521","msg":"获取列表","user":"admin","role":"admin"}
{"level":"info","ts":1576919538.119689,"caller":"v1/v1.go:521","msg":"获取key的值","user":"admin","role":"admin"}
{"level":"info","ts":1576921813.3615377,"caller":"v1/v1.go:521","msg":"获取etcd服务列表","user":"admin","role":"admin"}
{"level":"info","ts":1576921813.4972267,"caller":"v1/v1.go:521","msg":"获取列表","user":"admin","role":"admin"}
{"level":"info","ts":1576984220.6016004,"caller":"v1/v1.go:521","msg":"获取etcd服务列表","user":"admin","role":"admin"}
{"level":"info","ts":1576984220.7317781,"caller":"v1/v1.go:521","msg":"获取列表","user":"admin","role":"admin"}
{"level":"info","ts":1576984223.1838439,"caller":"v1/v1.go:521","msg":"获取列表","user":"admin","role":"admin"}
{"level":"info","ts":1576984224.1145806,"caller":"v1/v1.go:521","msg":"获取列表","user":"admin","role":"admin"}
{"level":"info","ts":1576984226.1923652,"caller":"v1/v1.go:521","msg":"获取etcd服务列表","user":"admin","role":"admin"}
{"level":"info","ts":1576984226.2735732,"caller":"v1/v1.go:521","msg":"获取列表","user":"admin","role":"admin"}
{"level":"info","ts":1576984228.17996,"caller":"v1/v1.go:521","msg":"获取etcd集群信息","user":"admin","role":"admin"}
{"level":"info","ts":1576984237.2176156,"caller":"v1/v1.go:521","msg":"获取etcd服务列表","user":"admin","role":"admin"}
{"level":"info","ts":1576999329.561017,"caller":"v1/v1.go:521","msg":"获取etcd服务列表","user":"admin","role":"admin"}
{"level":"info","ts":1576999329.932663,"caller":"v1/v1.go:521","msg":"获取etcd服务列表","user":"admin","role":"admin"}
{"level":"info","ts":1576999330.0359578,"caller":"v1/v1.go:521","msg":"获取列表","user":"admin","role":"admin"}
{"level":"info","ts":1576999332.8065975,"caller":"v1/v1.go:521","msg":"获取列表","user":"admin","role":"admin"}
{"level":"info","ts":1576999333.967948,"caller":"v1/v1.go:521","msg":"获取列表","user":"admin","role":"admin"}
{"level":"info","ts":1576999338.4292355,"caller":"v1/v1.go:521","msg":"获取列表","user":"admin","role":"admin"}
{"level":"info","ts":1576999340.7316,"caller":"v1/v1.go:521","msg":"获取key的值","user":"admin","role":"admin"}
{"level":"info","ts":1576999354.0714276,"caller":"v1/v1.go:521","msg":"获取etcd集群信息","user":"admin","role":"admin"}
{"level":"info","ts":1576999361.4018385,"caller":"v1/v1.go:521","msg":"获取etcd服务列表","user":"admin","role":"admin"}
{"level":"error","ts":1576999373.3292515,"caller":"v1/v1.go:529","msg":"修复数据错误","err":"Etcd client is empty","stacktrace":"github.com/shiguanghuxian/etcd-manage/program/v1.restoreDirKey.func1\n\t/Users/zuo/gocode/src/github.com/shiguanghuxian/etcd-manage/program/v1/v1.go:529\ngithub.com/shiguanghuxian/etcd-manage/program/v1.restoreDirKey\n\t/Users/zuo/gocode/src/github.com/shiguanghuxian/etcd-manage/program/v1/v1.go:539\ngithub.com/shiguanghuxian/etcd-manage/vendor/github.com/gin-gonic/gin.(*Context).Next\n\t/Users/zuo/gocode/src/github.com/shiguanghuxian/etcd-manage/vendor/github.com/gin-gonic/gin/context.go:108\ngithub.com/shiguanghuxian/etcd-manage/program.(*Program).middlewareEtcd.func1\n\t/Users/zuo/gocode/src/github.com/shiguanghuxian/etcd-manage/program/http.go:123\ngithub.com/shiguanghuxian/etcd-manage/vendor/github.com/gin-gonic/gin.(*Context).Next\n\t/Users/zuo/gocode/src/github.com/shiguanghuxian/etcd-manage/vendor/github.com/gin-gonic/gin/context.go:108\ngithub.com/shiguanghuxian/etcd-manage/vendor/github.com/gin-gonic/gin.RecoveryWithWriter.func1\n\t/Users/zuo/gocode/src/github.com/shiguanghuxian/etcd-manage/vendor/github.com/gin-gonic/gin/recovery.go:48\ngithub.com/shiguanghuxian/etcd-manage/vendor/github.com/gin-gonic/gin.(*Context).Next\n\t/Users/zuo/gocode/src/github.com/shiguanghuxian/etcd-manage/vendor/github.com/gin-gonic/gin/context.go:108\ngithub.com/shiguanghuxian/etcd-manage/vendor/github.com/gin-gonic/gin.LoggerWithWriter.func1\n\t/Users/zuo/gocode/src/github.com/shiguanghuxian/etcd-manage/vendor/github.com/gin-gonic/gin/logger.go:84\ngithub.com/shiguanghuxian/etcd-manage/vendor/github.com/gin-gonic/gin.(*Context).Next\n\t/Users/zuo/gocode/src/github.com/shiguanghuxian/etcd-manage/vendor/github.com/gin-gonic/gin/context.go:108\ngithub.com/shiguanghuxian/etcd-manage/vendor/github.com/gin-gonic/gin.(*Engine).handleHTTPRequest\n\t/Users/zuo/gocode/src/github.com/shiguanghuxian/etcd-manage/vendor/github.com/gin-gonic/gin/gin.go:363\ngithub.com/shiguanghuxian/etcd-manage/vendor/github.com/gin-gonic/gin.(*Engine).ServeHTTP\n\t/Users/zuo/gocode/src/github.com/shiguanghuxian/etcd-manage/vendor/github.com/gin-gonic/gin/gin.go:328\nnet/http.serverHandler.ServeHTTP\n\t/usr/local/go/src/net/http/server.go:2741\nnet/http.(*conn).serve\n\t/usr/local/go/src/net/http/server.go:1847"}
{"level":"info","ts":1576999375.3559487,"caller":"v1/v1.go:521","msg":"获取etcd集群信息","user":"admin","role":"admin"}
{"level":"info","ts":1576999381.0890536,"caller":"v1/v1.go:521","msg":"获取etcd服务列表","user":"admin","role":"admin"}
{"level":"info","ts":1576999381.13399,"caller":"v1/v1.go:521","msg":"获取列表","user":"admin","role":"admin"}
{"level":"info","ts":1576999383.346157,"caller":"v1/v1.go:521","msg":"获取列表","user":"admin","role":"admin"}
{"level":"info","ts":1576999384.539665,"caller":"v1/v1.go:521","msg":"获取列表","user":"admin","role":"admin"}
{"level":"info","ts":1576999391.9706051,"caller":"v1/v1.go:521","msg":"删除key","user":"admin","role":"admin"}
{"level":"info","ts":1576999392.014741,"caller":"v1/v1.go:521","msg":"获取列表","user":"admin","role":"admin"}
